[2023-12-26T00:00:01.570+0000] {taskinstance.py:1165} INFO - Dependencies all met for <TaskInstance: xcom_dag.t1 scheduled__2023-12-25T00:00:00+00:00 [queued]>
[2023-12-26T00:00:01.581+0000] {taskinstance.py:1165} INFO - Dependencies all met for <TaskInstance: xcom_dag.t1 scheduled__2023-12-25T00:00:00+00:00 [queued]>
[2023-12-26T00:00:01.581+0000] {taskinstance.py:1362} INFO - 
--------------------------------------------------------------------------------
[2023-12-26T00:00:01.581+0000] {taskinstance.py:1363} INFO - Starting attempt 1 of 1
[2023-12-26T00:00:01.581+0000] {taskinstance.py:1364} INFO - 
--------------------------------------------------------------------------------
[2023-12-26T00:00:01.593+0000] {taskinstance.py:1383} INFO - Executing <Task(PythonOperator): t1> on 2023-12-25 00:00:00+00:00
[2023-12-26T00:00:01.602+0000] {standard_task_runner.py:55} INFO - Started process 19016 to run task
[2023-12-26T00:00:01.608+0000] {standard_task_runner.py:82} INFO - Running: ['***', 'tasks', 'run', 'xcom_dag', 't1', 'scheduled__2023-12-25T00:00:00+00:00', '--job-id', '72', '--raw', '--subdir', 'DAGS_FOLDER/xcom_dag.py', '--cfg-path', '/tmp/tmp_y4vwspp']
[2023-12-26T00:00:01.609+0000] {standard_task_runner.py:83} INFO - Job 72: Subtask t1
[2023-12-26T00:00:01.665+0000] {task_command.py:376} INFO - Running <TaskInstance: xcom_dag.t1 scheduled__2023-12-25T00:00:00+00:00 [running]> on host 2d20203c1be8
[2023-12-26T00:00:01.715+0000] {taskinstance.py:1592} INFO - Exporting the following env vars:
AIRFLOW_CTX_DAG_OWNER=***
AIRFLOW_CTX_DAG_ID=xcom_dag
AIRFLOW_CTX_TASK_ID=t1
AIRFLOW_CTX_EXECUTION_DATE=2023-12-25T00:00:00+00:00
AIRFLOW_CTX_TRY_NUMBER=1
AIRFLOW_CTX_DAG_RUN_ID=scheduled__2023-12-25T00:00:00+00:00
[2023-12-26T00:00:01.716+0000] {python.py:177} INFO - Done. Returned value was: 777
[2023-12-26T00:00:01.729+0000] {taskinstance.py:1406} INFO - Marking task as SUCCESS. dag_id=xcom_dag, task_id=t1, execution_date=20231225T000000, start_date=20231226T000001, end_date=20231226T000001
[2023-12-26T00:00:01.745+0000] {local_task_job.py:164} INFO - Task exited with return code 0
[2023-12-26T00:00:01.766+0000] {local_task_job.py:273} INFO - 1 downstream tasks scheduled from follow-on schedule check
