[2023-12-26T10:25:06.548+0000] {taskinstance.py:1165} INFO - Dependencies all met for <TaskInstance: potential_customers_process.extract_and_filter_customer manual__2023-12-26T10:25:03.098075+00:00 [queued]>
[2023-12-26T10:25:06.553+0000] {taskinstance.py:1165} INFO - Dependencies all met for <TaskInstance: potential_customers_process.extract_and_filter_customer manual__2023-12-26T10:25:03.098075+00:00 [queued]>
[2023-12-26T10:25:06.553+0000] {taskinstance.py:1362} INFO - 
--------------------------------------------------------------------------------
[2023-12-26T10:25:06.553+0000] {taskinstance.py:1363} INFO - Starting attempt 1 of 1
[2023-12-26T10:25:06.553+0000] {taskinstance.py:1364} INFO - 
--------------------------------------------------------------------------------
[2023-12-26T10:25:06.560+0000] {taskinstance.py:1383} INFO - Executing <Task(PythonOperator): extract_and_filter_customer> on 2023-12-26 10:25:03.098075+00:00
[2023-12-26T10:25:06.563+0000] {standard_task_runner.py:55} INFO - Started process 201 to run task
[2023-12-26T10:25:06.566+0000] {standard_task_runner.py:82} INFO - Running: ['***', 'tasks', 'run', 'potential_customers_process', 'extract_and_filter_customer', 'manual__2023-12-26T10:25:03.098075+00:00', '--job-id', '6', '--raw', '--subdir', 'DAGS_FOLDER/potential_customers_process.py', '--cfg-path', '/tmp/tmpudbfwmgx']
[2023-12-26T10:25:06.566+0000] {standard_task_runner.py:83} INFO - Job 6: Subtask extract_and_filter_customer
[2023-12-26T10:25:06.599+0000] {task_command.py:376} INFO - Running <TaskInstance: potential_customers_process.extract_and_filter_customer manual__2023-12-26T10:25:03.098075+00:00 [running]> on host 886ab54d5808
[2023-12-26T10:25:06.632+0000] {taskinstance.py:1592} INFO - Exporting the following env vars:
AIRFLOW_CTX_DAG_OWNER=***
AIRFLOW_CTX_DAG_ID=potential_customers_process
AIRFLOW_CTX_TASK_ID=extract_and_filter_customer
AIRFLOW_CTX_EXECUTION_DATE=2023-12-26T10:25:03.098075+00:00
AIRFLOW_CTX_TRY_NUMBER=1
AIRFLOW_CTX_DAG_RUN_ID=manual__2023-12-26T10:25:03.098075+00:00
[2023-12-26T10:25:07.175+0000] {logging_mixin.py:120} INFO -   First Name  Last Name  Gender        Country  Age  Last login    Id
0      Dulce      Abril  Female  United States   32  15/10/2022  1562
1       Mara  Hashimoto  Female  Great Britain   25  16/08/2020  1582
3   Kathleen     Hanner  Female  United States   25  15/10/2023  3549
4    Nereida    Magwood  Female  United States   58  16/08/2016  2468
7    Earlean     Melgar  Female  United States   27  16/08/2021  2456
[2023-12-26T10:25:07.187+0000] {base.py:71} INFO - Using connection ID 'postgres' for task execution.
[2023-12-26T10:25:07.221+0000] {python.py:177} INFO - Done. Returned value was: None
[2023-12-26T10:25:07.226+0000] {taskinstance.py:1406} INFO - Marking task as SUCCESS. dag_id=potential_customers_process, task_id=extract_and_filter_customer, execution_date=20231226T102503, start_date=20231226T102506, end_date=20231226T102507
[2023-12-26T10:25:07.285+0000] {local_task_job.py:164} INFO - Task exited with return code 0
[2023-12-26T10:25:07.308+0000] {local_task_job.py:273} INFO - 1 downstream tasks scheduled from follow-on schedule check
