[2023-12-27T00:02:33.726+0000] {taskinstance.py:1165} INFO - Dependencies all met for <TaskInstance: potential_customers_process.transform_filtered_customers scheduled__2023-12-26T00:00:00+00:00 [queued]>
[2023-12-27T00:02:33.731+0000] {taskinstance.py:1165} INFO - Dependencies all met for <TaskInstance: potential_customers_process.transform_filtered_customers scheduled__2023-12-26T00:00:00+00:00 [queued]>
[2023-12-27T00:02:33.731+0000] {taskinstance.py:1362} INFO - 
--------------------------------------------------------------------------------
[2023-12-27T00:02:33.731+0000] {taskinstance.py:1363} INFO - Starting attempt 1 of 1
[2023-12-27T00:02:33.731+0000] {taskinstance.py:1364} INFO - 
--------------------------------------------------------------------------------
[2023-12-27T00:02:33.738+0000] {taskinstance.py:1383} INFO - Executing <Task(PythonOperator): transform_filtered_customers> on 2023-12-26 00:00:00+00:00
[2023-12-27T00:02:33.742+0000] {standard_task_runner.py:55} INFO - Started process 22714 to run task
[2023-12-27T00:02:33.744+0000] {standard_task_runner.py:82} INFO - Running: ['***', 'tasks', 'run', 'potential_customers_process', 'transform_filtered_customers', 'scheduled__2023-12-26T00:00:00+00:00', '--job-id', '11', '--raw', '--subdir', 'DAGS_FOLDER/potential_customers_process.py', '--cfg-path', '/tmp/tmp_64clps5']
[2023-12-27T00:02:33.745+0000] {standard_task_runner.py:83} INFO - Job 11: Subtask transform_filtered_customers
[2023-12-27T00:02:33.780+0000] {task_command.py:376} INFO - Running <TaskInstance: potential_customers_process.transform_filtered_customers scheduled__2023-12-26T00:00:00+00:00 [running]> on host 886ab54d5808
[2023-12-27T00:02:33.825+0000] {taskinstance.py:1592} INFO - Exporting the following env vars:
AIRFLOW_CTX_DAG_OWNER=***
AIRFLOW_CTX_DAG_ID=potential_customers_process
AIRFLOW_CTX_TASK_ID=transform_filtered_customers
AIRFLOW_CTX_EXECUTION_DATE=2023-12-26T00:00:00+00:00
AIRFLOW_CTX_TRY_NUMBER=1
AIRFLOW_CTX_DAG_RUN_ID=scheduled__2023-12-26T00:00:00+00:00
[2023-12-27T00:02:33.830+0000] {base.py:71} INFO - Using connection ID 'postgres' for task execution.
[2023-12-27T00:02:33.846+0000] {base.py:71} INFO - Using connection ID 'postgres' for task execution.
[2023-12-27T00:02:33.852+0000] {python.py:177} INFO - Done. Returned value was: None
[2023-12-27T00:02:33.858+0000] {taskinstance.py:1406} INFO - Marking task as SUCCESS. dag_id=potential_customers_process, task_id=transform_filtered_customers, execution_date=20231226T000000, start_date=20231227T000233, end_date=20231227T000233
[2023-12-27T00:02:33.883+0000] {local_task_job.py:164} INFO - Task exited with return code 0
[2023-12-27T00:02:33.893+0000] {local_task_job.py:273} INFO - 0 downstream tasks scheduled from follow-on schedule check
