[2023-12-27T07:45:44.252+0000] {taskinstance.py:1165} INFO - Dependencies all met for <TaskInstance: potential_customers_process.transform_filtered_customers manual__2023-12-27T07:45:38.132078+00:00 [queued]>
[2023-12-27T07:45:44.257+0000] {taskinstance.py:1165} INFO - Dependencies all met for <TaskInstance: potential_customers_process.transform_filtered_customers manual__2023-12-27T07:45:38.132078+00:00 [queued]>
[2023-12-27T07:45:44.258+0000] {taskinstance.py:1362} INFO - 
--------------------------------------------------------------------------------
[2023-12-27T07:45:44.258+0000] {taskinstance.py:1363} INFO - Starting attempt 1 of 1
[2023-12-27T07:45:44.258+0000] {taskinstance.py:1364} INFO - 
--------------------------------------------------------------------------------
[2023-12-27T07:45:44.266+0000] {taskinstance.py:1383} INFO - Executing <Task(PythonOperator): transform_filtered_customers> on 2023-12-27 07:45:38.132078+00:00
[2023-12-27T07:45:44.269+0000] {standard_task_runner.py:55} INFO - Started process 8956 to run task
[2023-12-27T07:45:44.272+0000] {standard_task_runner.py:82} INFO - Running: ['***', 'tasks', 'run', 'potential_customers_process', 'transform_filtered_customers', 'manual__2023-12-27T07:45:38.132078+00:00', '--job-id', '25', '--raw', '--subdir', 'DAGS_FOLDER/potential_customers_process.py', '--cfg-path', '/tmp/tmp3ickttdu']
[2023-12-27T07:45:44.272+0000] {standard_task_runner.py:83} INFO - Job 25: Subtask transform_filtered_customers
[2023-12-27T07:45:44.308+0000] {task_command.py:376} INFO - Running <TaskInstance: potential_customers_process.transform_filtered_customers manual__2023-12-27T07:45:38.132078+00:00 [running]> on host bbee0f1e1252
[2023-12-27T07:45:44.345+0000] {taskinstance.py:1592} INFO - Exporting the following env vars:
AIRFLOW_CTX_DAG_OWNER=***
AIRFLOW_CTX_DAG_ID=potential_customers_process
AIRFLOW_CTX_TASK_ID=transform_filtered_customers
AIRFLOW_CTX_EXECUTION_DATE=2023-12-27T07:45:38.132078+00:00
AIRFLOW_CTX_TRY_NUMBER=1
AIRFLOW_CTX_DAG_RUN_ID=manual__2023-12-27T07:45:38.132078+00:00
[2023-12-27T07:45:44.351+0000] {base.py:71} INFO - Using connection ID 'postgres' for task execution.
[2023-12-27T07:45:44.367+0000] {base.py:71} INFO - Using connection ID 'postgres' for task execution.
[2023-12-27T07:45:44.374+0000] {python.py:177} INFO - Done. Returned value was: None
[2023-12-27T07:45:44.384+0000] {taskinstance.py:1406} INFO - Marking task as SUCCESS. dag_id=potential_customers_process, task_id=transform_filtered_customers, execution_date=20231227T074538, start_date=20231227T074544, end_date=20231227T074544
[2023-12-27T07:45:44.404+0000] {local_task_job.py:164} INFO - Task exited with return code 0
[2023-12-27T07:45:44.421+0000] {local_task_job.py:273} INFO - 0 downstream tasks scheduled from follow-on schedule check
