[2023-12-25T11:52:56.756+0000] {taskinstance.py:1165} INFO - Dependencies all met for <TaskInstance: xcom_dag.t1 manual__2023-12-25T11:52:54.432245+00:00 [queued]>
[2023-12-25T11:52:56.780+0000] {taskinstance.py:1165} INFO - Dependencies all met for <TaskInstance: xcom_dag.t1 manual__2023-12-25T11:52:54.432245+00:00 [queued]>
[2023-12-25T11:52:56.781+0000] {taskinstance.py:1362} INFO - 
--------------------------------------------------------------------------------
[2023-12-25T11:52:56.782+0000] {taskinstance.py:1363} INFO - Starting attempt 1 of 1
[2023-12-25T11:52:56.782+0000] {taskinstance.py:1364} INFO - 
--------------------------------------------------------------------------------
[2023-12-25T11:52:56.821+0000] {taskinstance.py:1383} INFO - Executing <Task(PythonOperator): t1> on 2023-12-25 11:52:54.432245+00:00
[2023-12-25T11:52:56.879+0000] {standard_task_runner.py:55} INFO - Started process 3766 to run task
[2023-12-25T11:52:56.893+0000] {standard_task_runner.py:82} INFO - Running: ['***', 'tasks', 'run', 'xcom_dag', 't1', 'manual__2023-12-25T11:52:54.432245+00:00', '--job-id', '39', '--raw', '--subdir', 'DAGS_FOLDER/xcom_dag.py', '--cfg-path', '/tmp/tmp2ei7dbrv']
[2023-12-25T11:52:56.911+0000] {standard_task_runner.py:83} INFO - Job 39: Subtask t1
[2023-12-25T11:52:57.165+0000] {task_command.py:376} INFO - Running <TaskInstance: xcom_dag.t1 manual__2023-12-25T11:52:54.432245+00:00 [running]> on host 0b1ef51a23be
[2023-12-25T11:52:57.377+0000] {taskinstance.py:1592} INFO - Exporting the following env vars:
AIRFLOW_CTX_DAG_OWNER=***
AIRFLOW_CTX_DAG_ID=xcom_dag
AIRFLOW_CTX_TASK_ID=t1
AIRFLOW_CTX_EXECUTION_DATE=2023-12-25T11:52:54.432245+00:00
AIRFLOW_CTX_TRY_NUMBER=1
AIRFLOW_CTX_DAG_RUN_ID=manual__2023-12-25T11:52:54.432245+00:00
[2023-12-25T11:52:57.450+0000] {python.py:177} INFO - Done. Returned value was: None
[2023-12-25T11:52:57.478+0000] {taskinstance.py:1406} INFO - Marking task as SUCCESS. dag_id=xcom_dag, task_id=t1, execution_date=20231225T115254, start_date=20231225T115256, end_date=20231225T115257
[2023-12-25T11:52:57.539+0000] {local_task_job.py:164} INFO - Task exited with return code 0
[2023-12-25T11:52:57.608+0000] {local_task_job.py:273} INFO - 1 downstream tasks scheduled from follow-on schedule check
