[2023-12-25T10:51:10.976+0000] {taskinstance.py:1165} INFO - Dependencies all met for <TaskInstance: parallel_dag.extract_a manual__2023-12-25T10:51:09.379592+00:00 [queued]>
[2023-12-25T10:51:10.988+0000] {taskinstance.py:1165} INFO - Dependencies all met for <TaskInstance: parallel_dag.extract_a manual__2023-12-25T10:51:09.379592+00:00 [queued]>
[2023-12-25T10:51:10.988+0000] {taskinstance.py:1362} INFO - 
--------------------------------------------------------------------------------
[2023-12-25T10:51:10.988+0000] {taskinstance.py:1363} INFO - Starting attempt 1 of 1
[2023-12-25T10:51:10.988+0000] {taskinstance.py:1364} INFO - 
--------------------------------------------------------------------------------
[2023-12-25T10:51:10.998+0000] {taskinstance.py:1383} INFO - Executing <Task(BashOperator): extract_a> on 2023-12-25 10:51:09.379592+00:00
[2023-12-25T10:51:11.005+0000] {standard_task_runner.py:55} INFO - Started process 771 to run task
[2023-12-25T10:51:11.012+0000] {standard_task_runner.py:82} INFO - Running: ['***', 'tasks', 'run', 'parallel_dag', 'extract_a', 'manual__2023-12-25T10:51:09.379592+00:00', '--job-id', '25', '--raw', '--subdir', 'DAGS_FOLDER/parallel.py', '--cfg-path', '/tmp/tmpxxz37p86']
[2023-12-25T10:51:11.013+0000] {standard_task_runner.py:83} INFO - Job 25: Subtask extract_a
[2023-12-25T10:51:11.078+0000] {task_command.py:376} INFO - Running <TaskInstance: parallel_dag.extract_a manual__2023-12-25T10:51:09.379592+00:00 [running]> on host 0b1ef51a23be
[2023-12-25T10:51:11.128+0000] {taskinstance.py:1592} INFO - Exporting the following env vars:
AIRFLOW_CTX_DAG_OWNER=***
AIRFLOW_CTX_DAG_ID=parallel_dag
AIRFLOW_CTX_TASK_ID=extract_a
AIRFLOW_CTX_EXECUTION_DATE=2023-12-25T10:51:09.379592+00:00
AIRFLOW_CTX_TRY_NUMBER=1
AIRFLOW_CTX_DAG_RUN_ID=manual__2023-12-25T10:51:09.379592+00:00
[2023-12-25T10:51:11.130+0000] {subprocess.py:63} INFO - Tmp dir root location: 
 /tmp
[2023-12-25T10:51:11.131+0000] {subprocess.py:75} INFO - Running command: ['/bin/bash', '-c', 'sleep 10']
[2023-12-25T10:51:11.147+0000] {subprocess.py:86} INFO - Output:
[2023-12-25T10:51:21.155+0000] {subprocess.py:97} INFO - Command exited with return code 0
[2023-12-25T10:51:21.179+0000] {taskinstance.py:1406} INFO - Marking task as SUCCESS. dag_id=parallel_dag, task_id=extract_a, execution_date=20231225T105109, start_date=20231225T105110, end_date=20231225T105121
[2023-12-25T10:51:21.234+0000] {local_task_job.py:164} INFO - Task exited with return code 0
[2023-12-25T10:51:21.263+0000] {local_task_job.py:273} INFO - 0 downstream tasks scheduled from follow-on schedule check
