[2023-12-26T10:25:08.331+0000] {taskinstance.py:1165} INFO - Dependencies all met for <TaskInstance: potential_customers_process.transform_filtered_customers manual__2023-12-26T10:25:03.098075+00:00 [queued]>
[2023-12-26T10:25:08.337+0000] {taskinstance.py:1165} INFO - Dependencies all met for <TaskInstance: potential_customers_process.transform_filtered_customers manual__2023-12-26T10:25:03.098075+00:00 [queued]>
[2023-12-26T10:25:08.337+0000] {taskinstance.py:1362} INFO - 
--------------------------------------------------------------------------------
[2023-12-26T10:25:08.337+0000] {taskinstance.py:1363} INFO - Starting attempt 1 of 1
[2023-12-26T10:25:08.337+0000] {taskinstance.py:1364} INFO - 
--------------------------------------------------------------------------------
[2023-12-26T10:25:08.344+0000] {taskinstance.py:1383} INFO - Executing <Task(PythonOperator): transform_filtered_customers> on 2023-12-26 10:25:03.098075+00:00
[2023-12-26T10:25:08.347+0000] {standard_task_runner.py:55} INFO - Started process 204 to run task
[2023-12-26T10:25:08.350+0000] {standard_task_runner.py:82} INFO - Running: ['***', 'tasks', 'run', 'potential_customers_process', 'transform_filtered_customers', 'manual__2023-12-26T10:25:03.098075+00:00', '--job-id', '7', '--raw', '--subdir', 'DAGS_FOLDER/potential_customers_process.py', '--cfg-path', '/tmp/tmp_1jy2x_z']
[2023-12-26T10:25:08.350+0000] {standard_task_runner.py:83} INFO - Job 7: Subtask transform_filtered_customers
[2023-12-26T10:25:08.382+0000] {task_command.py:376} INFO - Running <TaskInstance: potential_customers_process.transform_filtered_customers manual__2023-12-26T10:25:03.098075+00:00 [running]> on host 886ab54d5808
[2023-12-26T10:25:08.416+0000] {taskinstance.py:1592} INFO - Exporting the following env vars:
AIRFLOW_CTX_DAG_OWNER=***
AIRFLOW_CTX_DAG_ID=potential_customers_process
AIRFLOW_CTX_TASK_ID=transform_filtered_customers
AIRFLOW_CTX_EXECUTION_DATE=2023-12-26T10:25:03.098075+00:00
AIRFLOW_CTX_TRY_NUMBER=1
AIRFLOW_CTX_DAG_RUN_ID=manual__2023-12-26T10:25:03.098075+00:00
[2023-12-26T10:25:08.421+0000] {base.py:71} INFO - Using connection ID 'postgres' for task execution.
[2023-12-26T10:25:08.442+0000] {logging_mixin.py:120} INFO -    index First Name  Last Name  ...    Id         fullname  country_code
0      0      Dulce      Abril  ...  1562      Dulce Abril           USA
1      1       Mara  Hashimoto  ...  1582   Mara Hashimoto           GBR
2      2     Philip       Gent  ...  2587      Philip Gent           FRA
3      3   Kathleen     Hanner  ...  3549  Kathleen Hanner           USA
4      4    Nereida    Magwood  ...  2468  Nereida Magwood           USA
5      5     Gaston      Brumm  ...  2554     Gaston Brumm           USA
6      7    Earlean     Melgar  ...  2456   Earlean Melgar           USA

[7 rows x 10 columns]
[2023-12-26T10:25:08.442+0000] {python.py:177} INFO - Done. Returned value was: None
[2023-12-26T10:25:08.448+0000] {taskinstance.py:1406} INFO - Marking task as SUCCESS. dag_id=potential_customers_process, task_id=transform_filtered_customers, execution_date=20231226T102503, start_date=20231226T102508, end_date=20231226T102508
[2023-12-26T10:25:08.485+0000] {local_task_job.py:164} INFO - Task exited with return code 0
[2023-12-26T10:25:08.507+0000] {local_task_job.py:273} INFO - 0 downstream tasks scheduled from follow-on schedule check
