[2023-12-26T00:00:01.557+0000] {taskinstance.py:1165} INFO - Dependencies all met for <TaskInstance: parallel_dag.extract_b scheduled__2023-12-25T00:00:00+00:00 [queued]>
[2023-12-26T00:00:01.566+0000] {taskinstance.py:1165} INFO - Dependencies all met for <TaskInstance: parallel_dag.extract_b scheduled__2023-12-25T00:00:00+00:00 [queued]>
[2023-12-26T00:00:01.567+0000] {taskinstance.py:1362} INFO - 
--------------------------------------------------------------------------------
[2023-12-26T00:00:01.567+0000] {taskinstance.py:1363} INFO - Starting attempt 1 of 1
[2023-12-26T00:00:01.567+0000] {taskinstance.py:1364} INFO - 
--------------------------------------------------------------------------------
[2023-12-26T00:00:01.577+0000] {taskinstance.py:1383} INFO - Executing <Task(BashOperator): extract_b> on 2023-12-25 00:00:00+00:00
[2023-12-26T00:00:01.581+0000] {standard_task_runner.py:55} INFO - Started process 19015 to run task
[2023-12-26T00:00:01.584+0000] {standard_task_runner.py:82} INFO - Running: ['***', 'tasks', 'run', 'parallel_dag', 'extract_b', 'scheduled__2023-12-25T00:00:00+00:00', '--job-id', '71', '--raw', '--subdir', 'DAGS_FOLDER/parallel.py', '--cfg-path', '/tmp/tmpeiijz4fe']
[2023-12-26T00:00:01.584+0000] {standard_task_runner.py:83} INFO - Job 71: Subtask extract_b
[2023-12-26T00:00:01.648+0000] {task_command.py:376} INFO - Running <TaskInstance: parallel_dag.extract_b scheduled__2023-12-25T00:00:00+00:00 [running]> on host 2d20203c1be8
[2023-12-26T00:00:01.704+0000] {taskinstance.py:1592} INFO - Exporting the following env vars:
AIRFLOW_CTX_DAG_OWNER=***
AIRFLOW_CTX_DAG_ID=parallel_dag
AIRFLOW_CTX_TASK_ID=extract_b
AIRFLOW_CTX_EXECUTION_DATE=2023-12-25T00:00:00+00:00
AIRFLOW_CTX_TRY_NUMBER=1
AIRFLOW_CTX_DAG_RUN_ID=scheduled__2023-12-25T00:00:00+00:00
[2023-12-26T00:00:01.706+0000] {subprocess.py:63} INFO - Tmp dir root location: 
 /tmp
[2023-12-26T00:00:01.707+0000] {subprocess.py:75} INFO - Running command: ['/bin/bash', '-c', 'sleep 10']
[2023-12-26T00:00:01.715+0000] {subprocess.py:86} INFO - Output:
[2023-12-26T00:00:11.721+0000] {subprocess.py:97} INFO - Command exited with return code 0
[2023-12-26T00:00:11.760+0000] {taskinstance.py:1406} INFO - Marking task as SUCCESS. dag_id=parallel_dag, task_id=extract_b, execution_date=20231225T000000, start_date=20231226T000001, end_date=20231226T000011
[2023-12-26T00:00:11.798+0000] {local_task_job.py:164} INFO - Task exited with return code 0
[2023-12-26T00:00:11.828+0000] {local_task_job.py:273} INFO - 1 downstream tasks scheduled from follow-on schedule check
