[2023-12-26T09:12:01.616+0000] {taskinstance.py:1165} INFO - Dependencies all met for <TaskInstance: potential_customers_process.transform_filtered_customers manual__2023-12-26T09:11:53.302124+00:00 [queued]>
[2023-12-26T09:12:01.623+0000] {taskinstance.py:1165} INFO - Dependencies all met for <TaskInstance: potential_customers_process.transform_filtered_customers manual__2023-12-26T09:11:53.302124+00:00 [queued]>
[2023-12-26T09:12:01.623+0000] {taskinstance.py:1362} INFO - 
--------------------------------------------------------------------------------
[2023-12-26T09:12:01.623+0000] {taskinstance.py:1363} INFO - Starting attempt 1 of 1
[2023-12-26T09:12:01.623+0000] {taskinstance.py:1364} INFO - 
--------------------------------------------------------------------------------
[2023-12-26T09:12:01.632+0000] {taskinstance.py:1383} INFO - Executing <Task(PythonOperator): transform_filtered_customers> on 2023-12-26 09:11:53.302124+00:00
[2023-12-26T09:12:01.637+0000] {standard_task_runner.py:55} INFO - Started process 3313 to run task
[2023-12-26T09:12:01.641+0000] {standard_task_runner.py:82} INFO - Running: ['***', 'tasks', 'run', 'potential_customers_process', 'transform_filtered_customers', 'manual__2023-12-26T09:11:53.302124+00:00', '--job-id', '15', '--raw', '--subdir', 'DAGS_FOLDER/potential_customers_process.py', '--cfg-path', '/tmp/tmpunk51g52']
[2023-12-26T09:12:01.642+0000] {standard_task_runner.py:83} INFO - Job 15: Subtask transform_filtered_customers
[2023-12-26T09:12:01.725+0000] {task_command.py:376} INFO - Running <TaskInstance: potential_customers_process.transform_filtered_customers manual__2023-12-26T09:11:53.302124+00:00 [running]> on host 992e73c39b9a
[2023-12-26T09:12:01.792+0000] {taskinstance.py:1592} INFO - Exporting the following env vars:
AIRFLOW_CTX_DAG_OWNER=***
AIRFLOW_CTX_DAG_ID=potential_customers_process
AIRFLOW_CTX_TASK_ID=transform_filtered_customers
AIRFLOW_CTX_EXECUTION_DATE=2023-12-26T09:11:53.302124+00:00
AIRFLOW_CTX_TRY_NUMBER=1
AIRFLOW_CTX_DAG_RUN_ID=manual__2023-12-26T09:11:53.302124+00:00
[2023-12-26T09:12:01.812+0000] {logging_mixin.py:120} INFO - None
[2023-12-26T09:12:01.813+0000] {python.py:177} INFO - Done. Returned value was: None
[2023-12-26T09:12:01.825+0000] {taskinstance.py:1406} INFO - Marking task as SUCCESS. dag_id=potential_customers_process, task_id=transform_filtered_customers, execution_date=20231226T091153, start_date=20231226T091201, end_date=20231226T091201
[2023-12-26T09:12:01.897+0000] {local_task_job.py:164} INFO - Task exited with return code 0
[2023-12-26T09:12:01.946+0000] {local_task_job.py:273} INFO - 0 downstream tasks scheduled from follow-on schedule check
