[2023-12-25T10:42:40.144+0000] {taskinstance.py:1165} INFO - Dependencies all met for <TaskInstance: parallel_dag.load_a scheduled__2023-12-24T00:00:00+00:00 [queued]>
[2023-12-25T10:42:40.152+0000] {taskinstance.py:1165} INFO - Dependencies all met for <TaskInstance: parallel_dag.load_a scheduled__2023-12-24T00:00:00+00:00 [queued]>
[2023-12-25T10:42:40.153+0000] {taskinstance.py:1362} INFO - 
--------------------------------------------------------------------------------
[2023-12-25T10:42:40.153+0000] {taskinstance.py:1363} INFO - Starting attempt 1 of 1
[2023-12-25T10:42:40.153+0000] {taskinstance.py:1364} INFO - 
--------------------------------------------------------------------------------
[2023-12-25T10:42:40.168+0000] {taskinstance.py:1383} INFO - Executing <Task(BashOperator): load_a> on 2023-12-24 00:00:00+00:00
[2023-12-25T10:42:40.173+0000] {standard_task_runner.py:55} INFO - Started process 350 to run task
[2023-12-25T10:42:40.180+0000] {standard_task_runner.py:82} INFO - Running: ['***', 'tasks', 'run', 'parallel_dag', 'load_a', 'scheduled__2023-12-24T00:00:00+00:00', '--job-id', '22', '--raw', '--subdir', 'DAGS_FOLDER/parallel.py', '--cfg-path', '/tmp/tmpzbii20ei']
[2023-12-25T10:42:40.181+0000] {standard_task_runner.py:83} INFO - Job 22: Subtask load_a
[2023-12-25T10:42:40.241+0000] {task_command.py:376} INFO - Running <TaskInstance: parallel_dag.load_a scheduled__2023-12-24T00:00:00+00:00 [running]> on host 0b1ef51a23be
[2023-12-25T10:42:40.306+0000] {taskinstance.py:1592} INFO - Exporting the following env vars:
AIRFLOW_CTX_DAG_OWNER=***
AIRFLOW_CTX_DAG_ID=parallel_dag
AIRFLOW_CTX_TASK_ID=load_a
AIRFLOW_CTX_EXECUTION_DATE=2023-12-24T00:00:00+00:00
AIRFLOW_CTX_TRY_NUMBER=1
AIRFLOW_CTX_DAG_RUN_ID=scheduled__2023-12-24T00:00:00+00:00
[2023-12-25T10:42:40.307+0000] {subprocess.py:63} INFO - Tmp dir root location: 
 /tmp
[2023-12-25T10:42:40.308+0000] {subprocess.py:75} INFO - Running command: ['/bin/bash', '-c', 'sleep 10']
[2023-12-25T10:42:40.321+0000] {subprocess.py:86} INFO - Output:
[2023-12-25T10:42:50.319+0000] {subprocess.py:97} INFO - Command exited with return code 0
[2023-12-25T10:42:50.362+0000] {taskinstance.py:1406} INFO - Marking task as SUCCESS. dag_id=parallel_dag, task_id=load_a, execution_date=20231224T000000, start_date=20231225T104240, end_date=20231225T104250
[2023-12-25T10:42:50.421+0000] {local_task_job.py:164} INFO - Task exited with return code 0
[2023-12-25T10:42:50.443+0000] {local_task_job.py:273} INFO - 0 downstream tasks scheduled from follow-on schedule check
