[2023-12-25T11:49:53.360+0000] {taskinstance.py:1165} INFO - Dependencies all met for <TaskInstance: xcom_dag.t3 manual__2023-12-25T11:49:49.922812+00:00 [queued]>
[2023-12-25T11:49:53.365+0000] {taskinstance.py:1165} INFO - Dependencies all met for <TaskInstance: xcom_dag.t3 manual__2023-12-25T11:49:49.922812+00:00 [queued]>
[2023-12-25T11:49:53.365+0000] {taskinstance.py:1362} INFO - 
--------------------------------------------------------------------------------
[2023-12-25T11:49:53.366+0000] {taskinstance.py:1363} INFO - Starting attempt 1 of 1
[2023-12-25T11:49:53.366+0000] {taskinstance.py:1364} INFO - 
--------------------------------------------------------------------------------
[2023-12-25T11:49:53.373+0000] {taskinstance.py:1383} INFO - Executing <Task(BashOperator): t3> on 2023-12-25 11:49:49.922812+00:00
[2023-12-25T11:49:53.376+0000] {standard_task_runner.py:55} INFO - Started process 3604 to run task
[2023-12-25T11:49:53.378+0000] {standard_task_runner.py:82} INFO - Running: ['***', 'tasks', 'run', 'xcom_dag', 't3', 'manual__2023-12-25T11:49:49.922812+00:00', '--job-id', '35', '--raw', '--subdir', 'DAGS_FOLDER/xcom_dag.py', '--cfg-path', '/tmp/tmpd6jeifez']
[2023-12-25T11:49:53.379+0000] {standard_task_runner.py:83} INFO - Job 35: Subtask t3
[2023-12-25T11:49:53.416+0000] {task_command.py:376} INFO - Running <TaskInstance: xcom_dag.t3 manual__2023-12-25T11:49:49.922812+00:00 [running]> on host 0b1ef51a23be
[2023-12-25T11:49:53.452+0000] {taskinstance.py:1592} INFO - Exporting the following env vars:
AIRFLOW_CTX_DAG_OWNER=***
AIRFLOW_CTX_DAG_ID=xcom_dag
AIRFLOW_CTX_TASK_ID=t3
AIRFLOW_CTX_EXECUTION_DATE=2023-12-25T11:49:49.922812+00:00
AIRFLOW_CTX_TRY_NUMBER=1
AIRFLOW_CTX_DAG_RUN_ID=manual__2023-12-25T11:49:49.922812+00:00
[2023-12-25T11:49:53.454+0000] {subprocess.py:63} INFO - Tmp dir root location: 
 /tmp
[2023-12-25T11:49:53.454+0000] {subprocess.py:75} INFO - Running command: ['/bin/bash', '-c', "echo ''"]
[2023-12-25T11:49:53.461+0000] {subprocess.py:86} INFO - Output:
[2023-12-25T11:49:53.463+0000] {subprocess.py:93} INFO - 
[2023-12-25T11:49:53.464+0000] {subprocess.py:97} INFO - Command exited with return code 0
[2023-12-25T11:49:53.478+0000] {taskinstance.py:1406} INFO - Marking task as SUCCESS. dag_id=xcom_dag, task_id=t3, execution_date=20231225T114949, start_date=20231225T114953, end_date=20231225T114953
[2023-12-25T11:49:53.510+0000] {local_task_job.py:164} INFO - Task exited with return code 0
[2023-12-25T11:49:53.521+0000] {local_task_job.py:273} INFO - 0 downstream tasks scheduled from follow-on schedule check
