[2023-12-25T10:51:21.795+0000] {taskinstance.py:1165} INFO - Dependencies all met for <TaskInstance: parallel_dag.load_b manual__2023-12-25T10:51:09.379592+00:00 [queued]>
[2023-12-25T10:51:21.802+0000] {taskinstance.py:1165} INFO - Dependencies all met for <TaskInstance: parallel_dag.load_b manual__2023-12-25T10:51:09.379592+00:00 [queued]>
[2023-12-25T10:51:21.803+0000] {taskinstance.py:1362} INFO - 
--------------------------------------------------------------------------------
[2023-12-25T10:51:21.803+0000] {taskinstance.py:1363} INFO - Starting attempt 1 of 1
[2023-12-25T10:51:21.803+0000] {taskinstance.py:1364} INFO - 
--------------------------------------------------------------------------------
[2023-12-25T10:51:21.811+0000] {taskinstance.py:1383} INFO - Executing <Task(BashOperator): load_b> on 2023-12-25 10:51:09.379592+00:00
[2023-12-25T10:51:21.814+0000] {standard_task_runner.py:55} INFO - Started process 786 to run task
[2023-12-25T10:51:21.817+0000] {standard_task_runner.py:82} INFO - Running: ['***', 'tasks', 'run', 'parallel_dag', 'load_b', 'manual__2023-12-25T10:51:09.379592+00:00', '--job-id', '28', '--raw', '--subdir', 'DAGS_FOLDER/parallel.py', '--cfg-path', '/tmp/tmpzmdmje44']
[2023-12-25T10:51:21.818+0000] {standard_task_runner.py:83} INFO - Job 28: Subtask load_b
[2023-12-25T10:51:21.872+0000] {task_command.py:376} INFO - Running <TaskInstance: parallel_dag.load_b manual__2023-12-25T10:51:09.379592+00:00 [running]> on host 0b1ef51a23be
[2023-12-25T10:51:21.927+0000] {taskinstance.py:1592} INFO - Exporting the following env vars:
AIRFLOW_CTX_DAG_OWNER=***
AIRFLOW_CTX_DAG_ID=parallel_dag
AIRFLOW_CTX_TASK_ID=load_b
AIRFLOW_CTX_EXECUTION_DATE=2023-12-25T10:51:09.379592+00:00
AIRFLOW_CTX_TRY_NUMBER=1
AIRFLOW_CTX_DAG_RUN_ID=manual__2023-12-25T10:51:09.379592+00:00
[2023-12-25T10:51:21.928+0000] {subprocess.py:63} INFO - Tmp dir root location: 
 /tmp
[2023-12-25T10:51:21.929+0000] {subprocess.py:75} INFO - Running command: ['/bin/bash', '-c', 'sleep 10']
[2023-12-25T10:51:21.935+0000] {subprocess.py:86} INFO - Output:
[2023-12-25T10:51:31.938+0000] {subprocess.py:97} INFO - Command exited with return code 0
[2023-12-25T10:51:31.959+0000] {taskinstance.py:1406} INFO - Marking task as SUCCESS. dag_id=parallel_dag, task_id=load_b, execution_date=20231225T105109, start_date=20231225T105121, end_date=20231225T105131
[2023-12-25T10:51:32.004+0000] {local_task_job.py:164} INFO - Task exited with return code 0
[2023-12-25T10:51:32.018+0000] {local_task_job.py:273} INFO - 1 downstream tasks scheduled from follow-on schedule check
