[2023-12-25T11:51:29.115+0000] {taskinstance.py:1165} INFO - Dependencies all met for <TaskInstance: xcom_dag.t1 manual__2023-12-25T11:51:28.212521+00:00 [queued]>
[2023-12-25T11:51:29.123+0000] {taskinstance.py:1165} INFO - Dependencies all met for <TaskInstance: xcom_dag.t1 manual__2023-12-25T11:51:28.212521+00:00 [queued]>
[2023-12-25T11:51:29.123+0000] {taskinstance.py:1362} INFO - 
--------------------------------------------------------------------------------
[2023-12-25T11:51:29.123+0000] {taskinstance.py:1363} INFO - Starting attempt 1 of 1
[2023-12-25T11:51:29.124+0000] {taskinstance.py:1364} INFO - 
--------------------------------------------------------------------------------
[2023-12-25T11:51:29.130+0000] {taskinstance.py:1383} INFO - Executing <Task(PythonOperator): t1> on 2023-12-25 11:51:28.212521+00:00
[2023-12-25T11:51:29.133+0000] {standard_task_runner.py:55} INFO - Started process 3687 to run task
[2023-12-25T11:51:29.136+0000] {standard_task_runner.py:82} INFO - Running: ['***', 'tasks', 'run', 'xcom_dag', 't1', 'manual__2023-12-25T11:51:28.212521+00:00', '--job-id', '36', '--raw', '--subdir', 'DAGS_FOLDER/xcom_dag.py', '--cfg-path', '/tmp/tmpc68ua2fz']
[2023-12-25T11:51:29.136+0000] {standard_task_runner.py:83} INFO - Job 36: Subtask t1
[2023-12-25T11:51:29.180+0000] {task_command.py:376} INFO - Running <TaskInstance: xcom_dag.t1 manual__2023-12-25T11:51:28.212521+00:00 [running]> on host 0b1ef51a23be
[2023-12-25T11:51:29.225+0000] {taskinstance.py:1592} INFO - Exporting the following env vars:
AIRFLOW_CTX_DAG_OWNER=***
AIRFLOW_CTX_DAG_ID=xcom_dag
AIRFLOW_CTX_TASK_ID=t1
AIRFLOW_CTX_EXECUTION_DATE=2023-12-25T11:51:28.212521+00:00
AIRFLOW_CTX_TRY_NUMBER=1
AIRFLOW_CTX_DAG_RUN_ID=manual__2023-12-25T11:51:28.212521+00:00
[2023-12-25T11:51:29.226+0000] {python.py:177} INFO - Done. Returned value was: 42
[2023-12-25T11:51:29.239+0000] {taskinstance.py:1406} INFO - Marking task as SUCCESS. dag_id=xcom_dag, task_id=t1, execution_date=20231225T115128, start_date=20231225T115129, end_date=20231225T115129
[2023-12-25T11:51:29.271+0000] {local_task_job.py:164} INFO - Task exited with return code 0
[2023-12-25T11:51:29.294+0000] {local_task_job.py:273} INFO - 1 downstream tasks scheduled from follow-on schedule check
