[2023-12-25T11:53:41.994+0000] {taskinstance.py:1165} INFO - Dependencies all met for <TaskInstance: xcom_dag.t1 manual__2023-12-25T11:53:40.857894+00:00 [queued]>
[2023-12-25T11:53:42.002+0000] {taskinstance.py:1165} INFO - Dependencies all met for <TaskInstance: xcom_dag.t1 manual__2023-12-25T11:53:40.857894+00:00 [queued]>
[2023-12-25T11:53:42.003+0000] {taskinstance.py:1362} INFO - 
--------------------------------------------------------------------------------
[2023-12-25T11:53:42.003+0000] {taskinstance.py:1363} INFO - Starting attempt 1 of 1
[2023-12-25T11:53:42.003+0000] {taskinstance.py:1364} INFO - 
--------------------------------------------------------------------------------
[2023-12-25T11:53:42.013+0000] {taskinstance.py:1383} INFO - Executing <Task(PythonOperator): t1> on 2023-12-25 11:53:40.857894+00:00
[2023-12-25T11:53:42.017+0000] {standard_task_runner.py:55} INFO - Started process 3809 to run task
[2023-12-25T11:53:42.020+0000] {standard_task_runner.py:82} INFO - Running: ['***', 'tasks', 'run', 'xcom_dag', 't1', 'manual__2023-12-25T11:53:40.857894+00:00', '--job-id', '42', '--raw', '--subdir', 'DAGS_FOLDER/xcom_dag.py', '--cfg-path', '/tmp/tmpwhggrdus']
[2023-12-25T11:53:42.021+0000] {standard_task_runner.py:83} INFO - Job 42: Subtask t1
[2023-12-25T11:53:42.073+0000] {task_command.py:376} INFO - Running <TaskInstance: xcom_dag.t1 manual__2023-12-25T11:53:40.857894+00:00 [running]> on host 0b1ef51a23be
[2023-12-25T11:53:42.119+0000] {taskinstance.py:1592} INFO - Exporting the following env vars:
AIRFLOW_CTX_DAG_OWNER=***
AIRFLOW_CTX_DAG_ID=xcom_dag
AIRFLOW_CTX_TASK_ID=t1
AIRFLOW_CTX_EXECUTION_DATE=2023-12-25T11:53:40.857894+00:00
AIRFLOW_CTX_TRY_NUMBER=1
AIRFLOW_CTX_DAG_RUN_ID=manual__2023-12-25T11:53:40.857894+00:00
[2023-12-25T11:53:42.137+0000] {python.py:177} INFO - Done. Returned value was: None
[2023-12-25T11:53:42.144+0000] {taskinstance.py:1406} INFO - Marking task as SUCCESS. dag_id=xcom_dag, task_id=t1, execution_date=20231225T115340, start_date=20231225T115341, end_date=20231225T115342
[2023-12-25T11:53:42.195+0000] {local_task_job.py:164} INFO - Task exited with return code 0
[2023-12-25T11:53:42.232+0000] {local_task_job.py:273} INFO - 0 downstream tasks scheduled from follow-on schedule check
