[2023-12-26T07:47:32.056+0000] {taskinstance.py:1165} INFO - Dependencies all met for <TaskInstance: potential_customers_process.is_api_available __airflow_temporary_run_2023-12-26T07:47:26.769021+00:00__ [queued]>
[2023-12-26T07:47:32.062+0000] {taskinstance.py:1165} INFO - Dependencies all met for <TaskInstance: potential_customers_process.is_api_available __airflow_temporary_run_2023-12-26T07:47:26.769021+00:00__ [queued]>
[2023-12-26T07:47:32.062+0000] {taskinstance.py:1362} INFO - 
--------------------------------------------------------------------------------
[2023-12-26T07:47:32.062+0000] {taskinstance.py:1363} INFO - Starting attempt 1 of 1
[2023-12-26T07:47:32.062+0000] {taskinstance.py:1364} INFO - 
--------------------------------------------------------------------------------
[2023-12-26T07:47:32.068+0000] {taskinstance.py:1383} INFO - Executing <Task(HttpSensor): is_api_available> on 2022-01-01 00:00:00+00:00
[2023-12-26T07:47:32.072+0000] {standard_task_runner.py:55} INFO - Started process 33718 to run task
[2023-12-26T07:47:32.075+0000] {standard_task_runner.py:82} INFO - Running: ['***', 'tasks', 'run', 'potential_customers_process', 'is_api_available', '__***_temporary_run_2023-12-26T07:47:26.769021+00:00__', '--job-id', '94', '--raw', '--subdir', 'DAGS_FOLDER/potential_customers_process.py', '--cfg-path', '/tmp/tmpyrvs9h39']
[2023-12-26T07:47:32.077+0000] {standard_task_runner.py:83} INFO - Job 94: Subtask is_api_available
[2023-12-26T07:47:32.123+0000] {task_command.py:376} INFO - Running <TaskInstance: potential_customers_process.is_api_available __airflow_temporary_run_2023-12-26T07:47:26.769021+00:00__ [running]> on host 2d20203c1be8
[2023-12-26T07:47:32.169+0000] {taskinstance.py:1592} INFO - Exporting the following env vars:
AIRFLOW_CTX_DAG_OWNER=***
AIRFLOW_CTX_DAG_ID=potential_customers_process
AIRFLOW_CTX_TASK_ID=is_api_available
AIRFLOW_CTX_EXECUTION_DATE=2022-01-01T00:00:00+00:00
AIRFLOW_CTX_TRY_NUMBER=1
AIRFLOW_CTX_DAG_RUN_ID=__***_temporary_run_2023-12-26T07:47:26.769021+00:00__
[2023-12-26T07:47:32.170+0000] {http.py:120} INFO - Poking: api/
[2023-12-26T07:47:32.181+0000] {base.py:71} INFO - Using connection ID 'user_api' for task execution.
[2023-12-26T07:47:32.184+0000] {http.py:148} INFO - Sending 'GET' to url: https://randomuser.me/api/
[2023-12-26T07:47:32.692+0000] {base.py:213} INFO - Success criteria met. Exiting.
[2023-12-26T07:47:32.703+0000] {taskinstance.py:1406} INFO - Marking task as SUCCESS. dag_id=potential_customers_process, task_id=is_api_available, execution_date=20220101T000000, start_date=20231226T074732, end_date=20231226T074732
[2023-12-26T07:47:32.743+0000] {local_task_job.py:164} INFO - Task exited with return code 0
[2023-12-26T07:47:32.765+0000] {local_task_job.py:273} INFO - 0 downstream tasks scheduled from follow-on schedule check
