[2023-12-25T10:21:18.733+0000] {taskinstance.py:1165} INFO - Dependencies all met for <TaskInstance: consumer.read_dataset dataset_triggered__2023-12-25T10:21:17.465506+00:00 [queued]>
[2023-12-25T10:21:18.739+0000] {taskinstance.py:1165} INFO - Dependencies all met for <TaskInstance: consumer.read_dataset dataset_triggered__2023-12-25T10:21:17.465506+00:00 [queued]>
[2023-12-25T10:21:18.740+0000] {taskinstance.py:1362} INFO - 
--------------------------------------------------------------------------------
[2023-12-25T10:21:18.740+0000] {taskinstance.py:1363} INFO - Starting attempt 1 of 1
[2023-12-25T10:21:18.740+0000] {taskinstance.py:1364} INFO - 
--------------------------------------------------------------------------------
[2023-12-25T10:21:18.747+0000] {taskinstance.py:1383} INFO - Executing <Task(_PythonDecoratedOperator): read_dataset> on 2023-12-25 10:21:17.465506+00:00
[2023-12-25T10:21:18.751+0000] {standard_task_runner.py:55} INFO - Started process 13463 to run task
[2023-12-25T10:21:18.753+0000] {standard_task_runner.py:82} INFO - Running: ['***', 'tasks', 'run', 'consumer', 'read_dataset', 'dataset_triggered__2023-12-25T10:21:17.465506+00:00', '--job-id', '17', '--raw', '--subdir', 'DAGS_FOLDER/consumer.py', '--cfg-path', '/tmp/tmpoqimaxoj']
[2023-12-25T10:21:18.754+0000] {standard_task_runner.py:83} INFO - Job 17: Subtask read_dataset
[2023-12-25T10:21:18.793+0000] {task_command.py:376} INFO - Running <TaskInstance: consumer.read_dataset dataset_triggered__2023-12-25T10:21:17.465506+00:00 [running]> on host cfdab0adf022
[2023-12-25T10:21:18.870+0000] {taskinstance.py:1592} INFO - Exporting the following env vars:
AIRFLOW_CTX_DAG_OWNER=***
AIRFLOW_CTX_DAG_ID=consumer
AIRFLOW_CTX_TASK_ID=read_dataset
AIRFLOW_CTX_EXECUTION_DATE=2023-12-25T10:21:17.465506+00:00
AIRFLOW_CTX_TRY_NUMBER=1
AIRFLOW_CTX_DAG_RUN_ID=dataset_triggered__2023-12-25T10:21:17.465506+00:00
[2023-12-25T10:21:18.876+0000] {logging_mixin.py:120} INFO - producer update
[2023-12-25T10:21:18.879+0000] {python.py:177} INFO - Done. Returned value was: None
[2023-12-25T10:21:18.897+0000] {taskinstance.py:1406} INFO - Marking task as SUCCESS. dag_id=consumer, task_id=read_dataset, execution_date=20231225T102117, start_date=20231225T102118, end_date=20231225T102118
[2023-12-25T10:21:18.929+0000] {local_task_job.py:164} INFO - Task exited with return code 0
[2023-12-25T10:21:18.941+0000] {local_task_job.py:273} INFO - 0 downstream tasks scheduled from follow-on schedule check
