[2023-12-27T03:54:28.644+0000] {taskinstance.py:1165} INFO - Dependencies all met for <TaskInstance: potential_customers_process.extract_and_filter_customer manual__2023-12-27T03:54:06.967094+00:00 [queued]>
[2023-12-27T03:54:28.658+0000] {taskinstance.py:1165} INFO - Dependencies all met for <TaskInstance: potential_customers_process.extract_and_filter_customer manual__2023-12-27T03:54:06.967094+00:00 [queued]>
[2023-12-27T03:54:28.658+0000] {taskinstance.py:1362} INFO - 
--------------------------------------------------------------------------------
[2023-12-27T03:54:28.658+0000] {taskinstance.py:1363} INFO - Starting attempt 1 of 1
[2023-12-27T03:54:28.658+0000] {taskinstance.py:1364} INFO - 
--------------------------------------------------------------------------------
[2023-12-27T03:54:28.674+0000] {taskinstance.py:1383} INFO - Executing <Task(PythonOperator): extract_and_filter_customer> on 2023-12-27 03:54:06.967094+00:00
[2023-12-27T03:54:28.710+0000] {standard_task_runner.py:55} INFO - Started process 132 to run task
[2023-12-27T03:54:28.723+0000] {standard_task_runner.py:82} INFO - Running: ['***', 'tasks', 'run', 'potential_customers_process', 'extract_and_filter_customer', 'manual__2023-12-27T03:54:06.967094+00:00', '--job-id', '16', '--raw', '--subdir', 'DAGS_FOLDER/potential_customers_process.py', '--cfg-path', '/tmp/tmpyz7fl2dn']
[2023-12-27T03:54:28.724+0000] {standard_task_runner.py:83} INFO - Job 16: Subtask extract_and_filter_customer
[2023-12-27T03:54:29.086+0000] {task_command.py:376} INFO - Running <TaskInstance: potential_customers_process.extract_and_filter_customer manual__2023-12-27T03:54:06.967094+00:00 [running]> on host bbee0f1e1252
[2023-12-27T03:54:29.476+0000] {taskinstance.py:1592} INFO - Exporting the following env vars:
AIRFLOW_CTX_DAG_OWNER=***
AIRFLOW_CTX_DAG_ID=potential_customers_process
AIRFLOW_CTX_TASK_ID=extract_and_filter_customer
AIRFLOW_CTX_EXECUTION_DATE=2023-12-27T03:54:06.967094+00:00
AIRFLOW_CTX_TRY_NUMBER=1
AIRFLOW_CTX_DAG_RUN_ID=manual__2023-12-27T03:54:06.967094+00:00
[2023-12-27T03:54:31.353+0000] {base.py:71} INFO - Using connection ID 'postgres' for task execution.
[2023-12-27T03:54:31.444+0000] {python.py:177} INFO - Done. Returned value was: None
[2023-12-27T03:54:31.455+0000] {taskinstance.py:1406} INFO - Marking task as SUCCESS. dag_id=potential_customers_process, task_id=extract_and_filter_customer, execution_date=20231227T035406, start_date=20231227T035428, end_date=20231227T035431
[2023-12-27T03:54:31.516+0000] {local_task_job.py:164} INFO - Task exited with return code 0
[2023-12-27T03:54:31.565+0000] {local_task_job.py:273} INFO - 1 downstream tasks scheduled from follow-on schedule check
