[2023-12-25T11:52:59.496+0000] {taskinstance.py:1165} INFO - Dependencies all met for <TaskInstance: xcom_dag.t3 manual__2023-12-25T11:52:54.432245+00:00 [queued]>
[2023-12-25T11:52:59.502+0000] {taskinstance.py:1165} INFO - Dependencies all met for <TaskInstance: xcom_dag.t3 manual__2023-12-25T11:52:54.432245+00:00 [queued]>
[2023-12-25T11:52:59.503+0000] {taskinstance.py:1362} INFO - 
--------------------------------------------------------------------------------
[2023-12-25T11:52:59.503+0000] {taskinstance.py:1363} INFO - Starting attempt 1 of 1
[2023-12-25T11:52:59.503+0000] {taskinstance.py:1364} INFO - 
--------------------------------------------------------------------------------
[2023-12-25T11:52:59.511+0000] {taskinstance.py:1383} INFO - Executing <Task(BashOperator): t3> on 2023-12-25 11:52:54.432245+00:00
[2023-12-25T11:52:59.515+0000] {standard_task_runner.py:55} INFO - Started process 3770 to run task
[2023-12-25T11:52:59.518+0000] {standard_task_runner.py:82} INFO - Running: ['***', 'tasks', 'run', 'xcom_dag', 't3', 'manual__2023-12-25T11:52:54.432245+00:00', '--job-id', '41', '--raw', '--subdir', 'DAGS_FOLDER/xcom_dag.py', '--cfg-path', '/tmp/tmpnxdoku10']
[2023-12-25T11:52:59.518+0000] {standard_task_runner.py:83} INFO - Job 41: Subtask t3
[2023-12-25T11:52:59.553+0000] {task_command.py:376} INFO - Running <TaskInstance: xcom_dag.t3 manual__2023-12-25T11:52:54.432245+00:00 [running]> on host 0b1ef51a23be
[2023-12-25T11:52:59.589+0000] {taskinstance.py:1592} INFO - Exporting the following env vars:
AIRFLOW_CTX_DAG_OWNER=***
AIRFLOW_CTX_DAG_ID=xcom_dag
AIRFLOW_CTX_TASK_ID=t3
AIRFLOW_CTX_EXECUTION_DATE=2023-12-25T11:52:54.432245+00:00
AIRFLOW_CTX_TRY_NUMBER=1
AIRFLOW_CTX_DAG_RUN_ID=manual__2023-12-25T11:52:54.432245+00:00
[2023-12-25T11:52:59.590+0000] {subprocess.py:63} INFO - Tmp dir root location: 
 /tmp
[2023-12-25T11:52:59.591+0000] {subprocess.py:75} INFO - Running command: ['/bin/bash', '-c', "echo ''"]
[2023-12-25T11:52:59.597+0000] {subprocess.py:86} INFO - Output:
[2023-12-25T11:52:59.600+0000] {subprocess.py:93} INFO - 
[2023-12-25T11:52:59.600+0000] {subprocess.py:97} INFO - Command exited with return code 0
[2023-12-25T11:52:59.615+0000] {taskinstance.py:1406} INFO - Marking task as SUCCESS. dag_id=xcom_dag, task_id=t3, execution_date=20231225T115254, start_date=20231225T115259, end_date=20231225T115259
[2023-12-25T11:52:59.652+0000] {local_task_job.py:164} INFO - Task exited with return code 0
[2023-12-25T11:52:59.663+0000] {local_task_job.py:273} INFO - 0 downstream tasks scheduled from follow-on schedule check
