[2023-12-25T11:57:10.789+0000] {taskinstance.py:1165} INFO - Dependencies all met for <TaskInstance: xcom_dag.t1 manual__2023-12-25T11:57:08.879280+00:00 [queued]>
[2023-12-25T11:57:10.809+0000] {taskinstance.py:1165} INFO - Dependencies all met for <TaskInstance: xcom_dag.t1 manual__2023-12-25T11:57:08.879280+00:00 [queued]>
[2023-12-25T11:57:10.809+0000] {taskinstance.py:1362} INFO - 
--------------------------------------------------------------------------------
[2023-12-25T11:57:10.810+0000] {taskinstance.py:1363} INFO - Starting attempt 1 of 1
[2023-12-25T11:57:10.810+0000] {taskinstance.py:1364} INFO - 
--------------------------------------------------------------------------------
[2023-12-25T11:57:10.823+0000] {taskinstance.py:1383} INFO - Executing <Task(PythonOperator): t1> on 2023-12-25 11:57:08.879280+00:00
[2023-12-25T11:57:10.834+0000] {standard_task_runner.py:55} INFO - Started process 4006 to run task
[2023-12-25T11:57:10.848+0000] {standard_task_runner.py:82} INFO - Running: ['***', 'tasks', 'run', 'xcom_dag', 't1', 'manual__2023-12-25T11:57:08.879280+00:00', '--job-id', '57', '--raw', '--subdir', 'DAGS_FOLDER/xcom_dag.py', '--cfg-path', '/tmp/tmphfmfc3oi']
[2023-12-25T11:57:10.850+0000] {standard_task_runner.py:83} INFO - Job 57: Subtask t1
[2023-12-25T11:57:11.068+0000] {task_command.py:376} INFO - Running <TaskInstance: xcom_dag.t1 manual__2023-12-25T11:57:08.879280+00:00 [running]> on host 0b1ef51a23be
[2023-12-25T11:57:11.404+0000] {taskinstance.py:1592} INFO - Exporting the following env vars:
AIRFLOW_CTX_DAG_OWNER=***
AIRFLOW_CTX_DAG_ID=xcom_dag
AIRFLOW_CTX_TASK_ID=t1
AIRFLOW_CTX_EXECUTION_DATE=2023-12-25T11:57:08.879280+00:00
AIRFLOW_CTX_TRY_NUMBER=1
AIRFLOW_CTX_DAG_RUN_ID=manual__2023-12-25T11:57:08.879280+00:00
[2023-12-25T11:57:11.413+0000] {python.py:177} INFO - Done. Returned value was: 777
[2023-12-25T11:57:11.443+0000] {taskinstance.py:1406} INFO - Marking task as SUCCESS. dag_id=xcom_dag, task_id=t1, execution_date=20231225T115708, start_date=20231225T115710, end_date=20231225T115711
[2023-12-25T11:57:11.480+0000] {local_task_job.py:164} INFO - Task exited with return code 0
[2023-12-25T11:57:11.512+0000] {local_task_job.py:273} INFO - 1 downstream tasks scheduled from follow-on schedule check
