[2023-12-25T10:51:32.680+0000] {taskinstance.py:1165} INFO - Dependencies all met for <TaskInstance: parallel_dag.transform manual__2023-12-25T10:51:09.379592+00:00 [queued]>
[2023-12-25T10:51:32.687+0000] {taskinstance.py:1165} INFO - Dependencies all met for <TaskInstance: parallel_dag.transform manual__2023-12-25T10:51:09.379592+00:00 [queued]>
[2023-12-25T10:51:32.688+0000] {taskinstance.py:1362} INFO - 
--------------------------------------------------------------------------------
[2023-12-25T10:51:32.688+0000] {taskinstance.py:1363} INFO - Starting attempt 1 of 1
[2023-12-25T10:51:32.688+0000] {taskinstance.py:1364} INFO - 
--------------------------------------------------------------------------------
[2023-12-25T10:51:32.696+0000] {taskinstance.py:1383} INFO - Executing <Task(BashOperator): transform> on 2023-12-25 10:51:09.379592+00:00
[2023-12-25T10:51:32.699+0000] {standard_task_runner.py:55} INFO - Started process 174 to run task
[2023-12-25T10:51:32.702+0000] {standard_task_runner.py:82} INFO - Running: ['***', 'tasks', 'run', 'parallel_dag', 'transform', 'manual__2023-12-25T10:51:09.379592+00:00', '--job-id', '29', '--raw', '--subdir', 'DAGS_FOLDER/parallel.py', '--cfg-path', '/tmp/tmpcn3p9pn6']
[2023-12-25T10:51:32.703+0000] {standard_task_runner.py:83} INFO - Job 29: Subtask transform
[2023-12-25T10:51:32.748+0000] {task_command.py:376} INFO - Running <TaskInstance: parallel_dag.transform manual__2023-12-25T10:51:09.379592+00:00 [running]> on host 3f7096211d89
[2023-12-25T10:51:32.799+0000] {taskinstance.py:1592} INFO - Exporting the following env vars:
AIRFLOW_CTX_DAG_OWNER=***
AIRFLOW_CTX_DAG_ID=parallel_dag
AIRFLOW_CTX_TASK_ID=transform
AIRFLOW_CTX_EXECUTION_DATE=2023-12-25T10:51:09.379592+00:00
AIRFLOW_CTX_TRY_NUMBER=1
AIRFLOW_CTX_DAG_RUN_ID=manual__2023-12-25T10:51:09.379592+00:00
[2023-12-25T10:51:32.800+0000] {subprocess.py:63} INFO - Tmp dir root location: 
 /tmp
[2023-12-25T10:51:32.801+0000] {subprocess.py:75} INFO - Running command: ['/bin/bash', '-c', 'sleep 30']
[2023-12-25T10:51:32.810+0000] {subprocess.py:86} INFO - Output:
[2023-12-25T10:52:02.818+0000] {subprocess.py:97} INFO - Command exited with return code 0
[2023-12-25T10:52:02.859+0000] {taskinstance.py:1406} INFO - Marking task as SUCCESS. dag_id=parallel_dag, task_id=transform, execution_date=20231225T105109, start_date=20231225T105132, end_date=20231225T105202
[2023-12-25T10:52:02.906+0000] {local_task_job.py:164} INFO - Task exited with return code 0
[2023-12-25T10:52:02.945+0000] {local_task_job.py:273} INFO - 0 downstream tasks scheduled from follow-on schedule check
