[2023-12-25T12:15:26.918+0000] {taskinstance.py:1165} INFO - Dependencies all met for <TaskInstance: xcom_dag.t1 manual__2023-12-25T12:15:25.540850+00:00 [queued]>
[2023-12-25T12:15:26.925+0000] {taskinstance.py:1165} INFO - Dependencies all met for <TaskInstance: xcom_dag.t1 manual__2023-12-25T12:15:25.540850+00:00 [queued]>
[2023-12-25T12:15:26.925+0000] {taskinstance.py:1362} INFO - 
--------------------------------------------------------------------------------
[2023-12-25T12:15:26.925+0000] {taskinstance.py:1363} INFO - Starting attempt 1 of 1
[2023-12-25T12:15:26.926+0000] {taskinstance.py:1364} INFO - 
--------------------------------------------------------------------------------
[2023-12-25T12:15:26.933+0000] {taskinstance.py:1383} INFO - Executing <Task(PythonOperator): t1> on 2023-12-25 12:15:25.540850+00:00
[2023-12-25T12:15:26.937+0000] {standard_task_runner.py:55} INFO - Started process 4903 to run task
[2023-12-25T12:15:26.941+0000] {standard_task_runner.py:82} INFO - Running: ['***', 'tasks', 'run', 'xcom_dag', 't1', 'manual__2023-12-25T12:15:25.540850+00:00', '--job-id', '63', '--raw', '--subdir', 'DAGS_FOLDER/xcom_dag.py', '--cfg-path', '/tmp/tmpqjxc9vea']
[2023-12-25T12:15:26.941+0000] {standard_task_runner.py:83} INFO - Job 63: Subtask t1
[2023-12-25T12:15:26.983+0000] {task_command.py:376} INFO - Running <TaskInstance: xcom_dag.t1 manual__2023-12-25T12:15:25.540850+00:00 [running]> on host 0b1ef51a23be
[2023-12-25T12:15:27.023+0000] {taskinstance.py:1592} INFO - Exporting the following env vars:
AIRFLOW_CTX_DAG_OWNER=***
AIRFLOW_CTX_DAG_ID=xcom_dag
AIRFLOW_CTX_TASK_ID=t1
AIRFLOW_CTX_EXECUTION_DATE=2023-12-25T12:15:25.540850+00:00
AIRFLOW_CTX_TRY_NUMBER=1
AIRFLOW_CTX_DAG_RUN_ID=manual__2023-12-25T12:15:25.540850+00:00
[2023-12-25T12:15:27.024+0000] {python.py:177} INFO - Done. Returned value was: 777
[2023-12-25T12:15:27.036+0000] {taskinstance.py:1406} INFO - Marking task as SUCCESS. dag_id=xcom_dag, task_id=t1, execution_date=20231225T121525, start_date=20231225T121526, end_date=20231225T121527
[2023-12-25T12:15:27.078+0000] {local_task_job.py:164} INFO - Task exited with return code 0
[2023-12-25T12:15:27.097+0000] {local_task_job.py:273} INFO - 1 downstream tasks scheduled from follow-on schedule check
