[2023-12-26T04:28:44.448+0000] {taskinstance.py:1165} INFO - Dependencies all met for <TaskInstance: potential_customers_process.create_table manual__2023-12-26T04:28:43.432925+00:00 [queued]>
[2023-12-26T04:28:44.453+0000] {taskinstance.py:1165} INFO - Dependencies all met for <TaskInstance: potential_customers_process.create_table manual__2023-12-26T04:28:43.432925+00:00 [queued]>
[2023-12-26T04:28:44.454+0000] {taskinstance.py:1362} INFO - 
--------------------------------------------------------------------------------
[2023-12-26T04:28:44.454+0000] {taskinstance.py:1363} INFO - Starting attempt 1 of 1
[2023-12-26T04:28:44.454+0000] {taskinstance.py:1364} INFO - 
--------------------------------------------------------------------------------
[2023-12-26T04:28:44.462+0000] {taskinstance.py:1383} INFO - Executing <Task(PostgresOperator): create_table> on 2023-12-26 04:28:43.432925+00:00
[2023-12-26T04:28:44.467+0000] {standard_task_runner.py:55} INFO - Started process 27250 to run task
[2023-12-26T04:28:44.470+0000] {standard_task_runner.py:82} INFO - Running: ['***', 'tasks', 'run', 'potential_customers_process', 'create_table', 'manual__2023-12-26T04:28:43.432925+00:00', '--job-id', '83', '--raw', '--subdir', 'DAGS_FOLDER/potential_customers_process.py', '--cfg-path', '/tmp/tmpz_bc2bhk']
[2023-12-26T04:28:44.472+0000] {standard_task_runner.py:83} INFO - Job 83: Subtask create_table
[2023-12-26T04:28:44.506+0000] {task_command.py:376} INFO - Running <TaskInstance: potential_customers_process.create_table manual__2023-12-26T04:28:43.432925+00:00 [running]> on host 2d20203c1be8
[2023-12-26T04:28:44.541+0000] {taskinstance.py:1592} INFO - Exporting the following env vars:
AIRFLOW_CTX_DAG_OWNER=***
AIRFLOW_CTX_DAG_ID=potential_customers_process
AIRFLOW_CTX_TASK_ID=create_table
AIRFLOW_CTX_EXECUTION_DATE=2023-12-26T04:28:43.432925+00:00
AIRFLOW_CTX_TRY_NUMBER=1
AIRFLOW_CTX_DAG_RUN_ID=manual__2023-12-26T04:28:43.432925+00:00
[2023-12-26T04:28:44.546+0000] {base.py:71} INFO - Using connection ID 'postgres' for task execution.
[2023-12-26T04:28:44.548+0000] {sql.py:315} INFO - Running statement: 
            CREATE TABLE IF NOT EXISTS customers (
                fullname TEXT NOT NULL,
                country_code TEXT NOT NULL,
                gender TEXT NOT NULL,
                age INT NOT NULL
            );
        , parameters: None
[2023-12-26T04:28:44.571+0000] {taskinstance.py:1406} INFO - Marking task as SUCCESS. dag_id=potential_customers_process, task_id=create_table, execution_date=20231226T042843, start_date=20231226T042844, end_date=20231226T042844
[2023-12-26T04:28:44.603+0000] {local_task_job.py:164} INFO - Task exited with return code 0
[2023-12-26T04:28:44.632+0000] {local_task_job.py:273} INFO - 1 downstream tasks scheduled from follow-on schedule check
