[2023-12-25T08:18:18.373+0000] {taskinstance.py:1165} INFO - Dependencies all met for <TaskInstance: example_bash_operator.runme_1 scheduled__2023-12-24T00:00:00+00:00 [queued]>
[2023-12-25T08:18:18.459+0000] {taskinstance.py:1165} INFO - Dependencies all met for <TaskInstance: example_bash_operator.runme_1 scheduled__2023-12-24T00:00:00+00:00 [queued]>
[2023-12-25T08:18:18.460+0000] {taskinstance.py:1362} INFO - 
--------------------------------------------------------------------------------
[2023-12-25T08:18:18.462+0000] {taskinstance.py:1363} INFO - Starting attempt 1 of 1
[2023-12-25T08:18:18.464+0000] {taskinstance.py:1364} INFO - 
--------------------------------------------------------------------------------
[2023-12-25T08:18:18.496+0000] {taskinstance.py:1383} INFO - Executing <Task(BashOperator): runme_1> on 2023-12-24 00:00:00+00:00
[2023-12-25T08:18:18.503+0000] {standard_task_runner.py:55} INFO - Started process 7335 to run task
[2023-12-25T08:18:18.511+0000] {standard_task_runner.py:82} INFO - Running: ['***', 'tasks', 'run', 'example_bash_operator', 'runme_1', 'scheduled__2023-12-24T00:00:00+00:00', '--job-id', '3', '--raw', '--subdir', '/home/***/.local/lib/python3.7/site-packages/***/example_dags/example_bash_operator.py', '--cfg-path', '/tmp/tmpznfpv0xu']
[2023-12-25T08:18:18.514+0000] {standard_task_runner.py:83} INFO - Job 3: Subtask runme_1
[2023-12-25T08:18:18.684+0000] {task_command.py:376} INFO - Running <TaskInstance: example_bash_operator.runme_1 scheduled__2023-12-24T00:00:00+00:00 [running]> on host cfdab0adf022
[2023-12-25T08:18:18.840+0000] {taskinstance.py:1592} INFO - Exporting the following env vars:
AIRFLOW_CTX_DAG_OWNER=***
AIRFLOW_CTX_DAG_ID=example_bash_operator
AIRFLOW_CTX_TASK_ID=runme_1
AIRFLOW_CTX_EXECUTION_DATE=2023-12-24T00:00:00+00:00
AIRFLOW_CTX_TRY_NUMBER=1
AIRFLOW_CTX_DAG_RUN_ID=scheduled__2023-12-24T00:00:00+00:00
[2023-12-25T08:18:18.843+0000] {subprocess.py:63} INFO - Tmp dir root location: 
 /tmp
[2023-12-25T08:18:18.844+0000] {subprocess.py:75} INFO - Running command: ['/bin/bash', '-c', 'echo "example_bash_operator__runme_1__20231224" && sleep 1']
[2023-12-25T08:18:18.856+0000] {subprocess.py:86} INFO - Output:
[2023-12-25T08:18:18.865+0000] {subprocess.py:93} INFO - example_bash_operator__runme_1__20231224
[2023-12-25T08:18:19.875+0000] {subprocess.py:97} INFO - Command exited with return code 0
[2023-12-25T08:18:19.901+0000] {taskinstance.py:1406} INFO - Marking task as SUCCESS. dag_id=example_bash_operator, task_id=runme_1, execution_date=20231224T000000, start_date=20231225T081818, end_date=20231225T081819
[2023-12-25T08:18:19.955+0000] {local_task_job.py:164} INFO - Task exited with return code 0
[2023-12-25T08:18:19.981+0000] {local_task_job.py:273} INFO - 1 downstream tasks scheduled from follow-on schedule check
