[2023-12-26T09:11:59.298+0000] {taskinstance.py:1165} INFO - Dependencies all met for <TaskInstance: potential_customers_process.get_filtered_customers manual__2023-12-26T09:11:53.302124+00:00 [queued]>
[2023-12-26T09:11:59.304+0000] {taskinstance.py:1165} INFO - Dependencies all met for <TaskInstance: potential_customers_process.get_filtered_customers manual__2023-12-26T09:11:53.302124+00:00 [queued]>
[2023-12-26T09:11:59.304+0000] {taskinstance.py:1362} INFO - 
--------------------------------------------------------------------------------
[2023-12-26T09:11:59.304+0000] {taskinstance.py:1363} INFO - Starting attempt 1 of 1
[2023-12-26T09:11:59.304+0000] {taskinstance.py:1364} INFO - 
--------------------------------------------------------------------------------
[2023-12-26T09:11:59.311+0000] {taskinstance.py:1383} INFO - Executing <Task(PostgresOperator): get_filtered_customers> on 2023-12-26 09:11:53.302124+00:00
[2023-12-26T09:11:59.315+0000] {standard_task_runner.py:55} INFO - Started process 3310 to run task
[2023-12-26T09:11:59.318+0000] {standard_task_runner.py:82} INFO - Running: ['***', 'tasks', 'run', 'potential_customers_process', 'get_filtered_customers', 'manual__2023-12-26T09:11:53.302124+00:00', '--job-id', '14', '--raw', '--subdir', 'DAGS_FOLDER/potential_customers_process.py', '--cfg-path', '/tmp/tmp3iejl7mg']
[2023-12-26T09:11:59.320+0000] {standard_task_runner.py:83} INFO - Job 14: Subtask get_filtered_customers
[2023-12-26T09:11:59.364+0000] {task_command.py:376} INFO - Running <TaskInstance: potential_customers_process.get_filtered_customers manual__2023-12-26T09:11:53.302124+00:00 [running]> on host 992e73c39b9a
[2023-12-26T09:11:59.401+0000] {taskinstance.py:1592} INFO - Exporting the following env vars:
AIRFLOW_CTX_DAG_OWNER=***
AIRFLOW_CTX_DAG_ID=potential_customers_process
AIRFLOW_CTX_TASK_ID=get_filtered_customers
AIRFLOW_CTX_EXECUTION_DATE=2023-12-26T09:11:53.302124+00:00
AIRFLOW_CTX_TRY_NUMBER=1
AIRFLOW_CTX_DAG_RUN_ID=manual__2023-12-26T09:11:53.302124+00:00
[2023-12-26T09:11:59.406+0000] {base.py:71} INFO - Using connection ID 'postgres' for task execution.
[2023-12-26T09:11:59.409+0000] {sql.py:315} INFO - Running statement: SELECT * FROM filtered_customers;, parameters: None
[2023-12-26T09:11:59.410+0000] {sql.py:324} INFO - Rows affected: 7
[2023-12-26T09:11:59.415+0000] {taskinstance.py:1406} INFO - Marking task as SUCCESS. dag_id=potential_customers_process, task_id=get_filtered_customers, execution_date=20231226T091153, start_date=20231226T091159, end_date=20231226T091159
[2023-12-26T09:11:59.450+0000] {local_task_job.py:164} INFO - Task exited with return code 0
[2023-12-26T09:11:59.471+0000] {local_task_job.py:273} INFO - 1 downstream tasks scheduled from follow-on schedule check
