[2023-12-26T08:10:24.590+0000] {taskinstance.py:1165} INFO - Dependencies all met for <TaskInstance: potential_customers_process.extract_and_filter_customer manual__2023-12-26T08:10:20.329944+00:00 [queued]>
[2023-12-26T08:10:24.595+0000] {taskinstance.py:1165} INFO - Dependencies all met for <TaskInstance: potential_customers_process.extract_and_filter_customer manual__2023-12-26T08:10:20.329944+00:00 [queued]>
[2023-12-26T08:10:24.596+0000] {taskinstance.py:1362} INFO - 
--------------------------------------------------------------------------------
[2023-12-26T08:10:24.596+0000] {taskinstance.py:1363} INFO - Starting attempt 1 of 1
[2023-12-26T08:10:24.596+0000] {taskinstance.py:1364} INFO - 
--------------------------------------------------------------------------------
[2023-12-26T08:10:24.602+0000] {taskinstance.py:1383} INFO - Executing <Task(PythonOperator): extract_and_filter_customer> on 2023-12-26 08:10:20.329944+00:00
[2023-12-26T08:10:24.607+0000] {standard_task_runner.py:55} INFO - Started process 350 to run task
[2023-12-26T08:10:24.610+0000] {standard_task_runner.py:82} INFO - Running: ['***', 'tasks', 'run', 'potential_customers_process', 'extract_and_filter_customer', 'manual__2023-12-26T08:10:20.329944+00:00', '--job-id', '10', '--raw', '--subdir', 'DAGS_FOLDER/potential_customers_process.py', '--cfg-path', '/tmp/tmpgzhdmqzg']
[2023-12-26T08:10:24.611+0000] {standard_task_runner.py:83} INFO - Job 10: Subtask extract_and_filter_customer
[2023-12-26T08:10:24.664+0000] {task_command.py:376} INFO - Running <TaskInstance: potential_customers_process.extract_and_filter_customer manual__2023-12-26T08:10:20.329944+00:00 [running]> on host 992e73c39b9a
[2023-12-26T08:10:24.740+0000] {taskinstance.py:1592} INFO - Exporting the following env vars:
AIRFLOW_CTX_DAG_OWNER=***
AIRFLOW_CTX_DAG_ID=potential_customers_process
AIRFLOW_CTX_TASK_ID=extract_and_filter_customer
AIRFLOW_CTX_EXECUTION_DATE=2023-12-26T08:10:20.329944+00:00
AIRFLOW_CTX_TRY_NUMBER=1
AIRFLOW_CTX_DAG_RUN_ID=manual__2023-12-26T08:10:20.329944+00:00
[2023-12-26T08:10:25.308+0000] {logging_mixin.py:120} INFO - =====================      0.0 First Name   Last Name  ...   Age  Last login      Id
0    1.0      Dulce       Abril  ...  32.0  15/10/2022  1562.0
1    2.0       Mara   Hashimoto  ...  25.0  16/08/2020  1582.0
2    3.0     Philip        Gent  ...  36.0  21/05/2023  2587.0
3    4.0   Kathleen      Hanner  ...  25.0  15/10/2023  3549.0
4    5.0    Nereida     Magwood  ...  58.0  16/08/2016  2468.0
5    6.0     Gaston       Brumm  ...  24.0  21/05/2019  2554.0
6    7.0       Etta        Hurn  ...  15.0  15/10/2022  3598.0
7    8.0    Earlean      Melgar  ...  27.0  16/08/2021  2456.0
8   10.0    Winston      Rocker  ...  40.0  21/03/2021  6540.0
9   11.0   Vincenza     Weiland  ...  40.0  21/05/2022  6548.0
10  12.0   Angelina      Watson  ...   NaN  21/05/2023  6548.0
11  13.0    Phillip  Paperwhite  ...  33.0  21/05/2024  6548.0

[12 rows x 8 columns]
[2023-12-26T08:10:25.309+0000] {logging_mixin.py:120} INFO - First Name     object
Last Name      object
Gender         object
Country        object
Age           float64
Last login     object
Id            float64
dtype: object
[2023-12-26T08:10:25.314+0000] {logging_mixin.py:120} INFO -   First Name  Last Name  Gender        Country   Age  Last login      Id
0      Dulce      Abril  Female  United States  32.0  15/10/2022  1562.0
1       Mara  Hashimoto  Female  Great Britain  25.0  16/08/2020  1582.0
2     Philip       Gent    Male         France  36.0  21/05/2023  2587.0
3   Kathleen     Hanner  Female  United States  25.0  15/10/2023  3549.0
4    Nereida    Magwood  Female  United States  58.0  16/08/2016  2468.0
5     Gaston      Brumm    Male  United States  24.0  21/05/2019  2554.0
7    Earlean     Melgar  Female  United States  27.0  16/08/2021  2456.0
[2023-12-26T08:10:25.317+0000] {postgres.py:129} INFO - Running copy expert: COPY filtered_customers FROM stdin WITH DELIMITER as ',', filename: /tmp/filtered_customer.csv
[2023-12-26T08:10:25.323+0000] {base.py:71} INFO - Using connection ID 'postgres' for task execution.
[2023-12-26T08:10:25.327+0000] {taskinstance.py:1851} ERROR - Task failed with exception
Traceback (most recent call last):
  File "/home/airflow/.local/lib/python3.7/site-packages/airflow/operators/python.py", line 175, in execute
    return_value = self.execute_callable()
  File "/home/airflow/.local/lib/python3.7/site-packages/airflow/operators/python.py", line 193, in execute_callable
    return self.python_callable(*self.op_args, **self.op_kwargs)
  File "/opt/airflow/dags/potential_customers_process.py", line 46, in _extract_and_filter_customer
    filename="/tmp/filtered_customer.csv",
  File "/home/airflow/.local/lib/python3.7/site-packages/airflow/providers/postgres/hooks/postgres.py", line 137, in copy_expert
    cur.copy_expert(sql, file)
psycopg2.errors.InvalidTextRepresentation: invalid input syntax for type integer: "32.0"
CONTEXT:  COPY filtered_customers, line 1, column age: "32.0"

[2023-12-26T08:10:25.335+0000] {taskinstance.py:1406} INFO - Marking task as FAILED. dag_id=potential_customers_process, task_id=extract_and_filter_customer, execution_date=20231226T081020, start_date=20231226T081024, end_date=20231226T081025
[2023-12-26T08:10:25.345+0000] {standard_task_runner.py:105} ERROR - Failed to execute job 10 for task extract_and_filter_customer (invalid input syntax for type integer: "32.0"
CONTEXT:  COPY filtered_customers, line 1, column age: "32.0"
; 350)
[2023-12-26T08:10:25.366+0000] {local_task_job.py:164} INFO - Task exited with return code 1
[2023-12-26T08:10:25.385+0000] {local_task_job.py:273} INFO - 0 downstream tasks scheduled from follow-on schedule check
