[2023-12-27T07:45:42.482+0000] {taskinstance.py:1165} INFO - Dependencies all met for <TaskInstance: potential_customers_process.extract_and_filter_customer manual__2023-12-27T07:45:38.132078+00:00 [queued]>
[2023-12-27T07:45:42.488+0000] {taskinstance.py:1165} INFO - Dependencies all met for <TaskInstance: potential_customers_process.extract_and_filter_customer manual__2023-12-27T07:45:38.132078+00:00 [queued]>
[2023-12-27T07:45:42.488+0000] {taskinstance.py:1362} INFO - 
--------------------------------------------------------------------------------
[2023-12-27T07:45:42.488+0000] {taskinstance.py:1363} INFO - Starting attempt 1 of 1
[2023-12-27T07:45:42.488+0000] {taskinstance.py:1364} INFO - 
--------------------------------------------------------------------------------
[2023-12-27T07:45:42.498+0000] {taskinstance.py:1383} INFO - Executing <Task(PythonOperator): extract_and_filter_customer> on 2023-12-27 07:45:38.132078+00:00
[2023-12-27T07:45:42.502+0000] {standard_task_runner.py:55} INFO - Started process 8953 to run task
[2023-12-27T07:45:42.505+0000] {standard_task_runner.py:82} INFO - Running: ['***', 'tasks', 'run', 'potential_customers_process', 'extract_and_filter_customer', 'manual__2023-12-27T07:45:38.132078+00:00', '--job-id', '24', '--raw', '--subdir', 'DAGS_FOLDER/potential_customers_process.py', '--cfg-path', '/tmp/tmpl1miufz9']
[2023-12-27T07:45:42.505+0000] {standard_task_runner.py:83} INFO - Job 24: Subtask extract_and_filter_customer
[2023-12-27T07:45:42.551+0000] {task_command.py:376} INFO - Running <TaskInstance: potential_customers_process.extract_and_filter_customer manual__2023-12-27T07:45:38.132078+00:00 [running]> on host bbee0f1e1252
[2023-12-27T07:45:42.598+0000] {taskinstance.py:1592} INFO - Exporting the following env vars:
AIRFLOW_CTX_DAG_OWNER=***
AIRFLOW_CTX_DAG_ID=potential_customers_process
AIRFLOW_CTX_TASK_ID=extract_and_filter_customer
AIRFLOW_CTX_EXECUTION_DATE=2023-12-27T07:45:38.132078+00:00
AIRFLOW_CTX_TRY_NUMBER=1
AIRFLOW_CTX_DAG_RUN_ID=manual__2023-12-27T07:45:38.132078+00:00
[2023-12-27T07:45:43.322+0000] {base.py:71} INFO - Using connection ID 'postgres' for task execution.
[2023-12-27T07:45:43.356+0000] {python.py:177} INFO - Done. Returned value was: None
[2023-12-27T07:45:43.363+0000] {taskinstance.py:1406} INFO - Marking task as SUCCESS. dag_id=potential_customers_process, task_id=extract_and_filter_customer, execution_date=20231227T074538, start_date=20231227T074542, end_date=20231227T074543
[2023-12-27T07:45:43.391+0000] {local_task_job.py:164} INFO - Task exited with return code 0
[2023-12-27T07:45:43.408+0000] {local_task_job.py:273} INFO - 1 downstream tasks scheduled from follow-on schedule check
