[2023-12-26T00:00:03.552+0000] {taskinstance.py:1165} INFO - Dependencies all met for <TaskInstance: xcom_dag.t2 scheduled__2023-12-25T00:00:00+00:00 [queued]>
[2023-12-26T00:00:03.558+0000] {taskinstance.py:1165} INFO - Dependencies all met for <TaskInstance: xcom_dag.t2 scheduled__2023-12-25T00:00:00+00:00 [queued]>
[2023-12-26T00:00:03.558+0000] {taskinstance.py:1362} INFO - 
--------------------------------------------------------------------------------
[2023-12-26T00:00:03.558+0000] {taskinstance.py:1363} INFO - Starting attempt 1 of 1
[2023-12-26T00:00:03.558+0000] {taskinstance.py:1364} INFO - 
--------------------------------------------------------------------------------
[2023-12-26T00:00:03.564+0000] {taskinstance.py:1383} INFO - Executing <Task(PythonOperator): t2> on 2023-12-25 00:00:00+00:00
[2023-12-26T00:00:03.567+0000] {standard_task_runner.py:55} INFO - Started process 19023 to run task
[2023-12-26T00:00:03.570+0000] {standard_task_runner.py:82} INFO - Running: ['***', 'tasks', 'run', 'xcom_dag', 't2', 'scheduled__2023-12-25T00:00:00+00:00', '--job-id', '75', '--raw', '--subdir', 'DAGS_FOLDER/xcom_dag.py', '--cfg-path', '/tmp/tmp8dleby8c']
[2023-12-26T00:00:03.570+0000] {standard_task_runner.py:83} INFO - Job 75: Subtask t2
[2023-12-26T00:00:03.604+0000] {task_command.py:376} INFO - Running <TaskInstance: xcom_dag.t2 scheduled__2023-12-25T00:00:00+00:00 [running]> on host 2d20203c1be8
[2023-12-26T00:00:03.636+0000] {taskinstance.py:1592} INFO - Exporting the following env vars:
AIRFLOW_CTX_DAG_OWNER=***
AIRFLOW_CTX_DAG_ID=xcom_dag
AIRFLOW_CTX_TASK_ID=t2
AIRFLOW_CTX_EXECUTION_DATE=2023-12-25T00:00:00+00:00
AIRFLOW_CTX_TRY_NUMBER=1
AIRFLOW_CTX_DAG_RUN_ID=scheduled__2023-12-25T00:00:00+00:00
[2023-12-26T00:00:03.637+0000] {logging_mixin.py:120} INFO - heilll
[2023-12-26T00:00:03.641+0000] {logging_mixin.py:120} INFO - 777
[2023-12-26T00:00:03.641+0000] {python.py:177} INFO - Done. Returned value was: None
[2023-12-26T00:00:03.646+0000] {taskinstance.py:1406} INFO - Marking task as SUCCESS. dag_id=xcom_dag, task_id=t2, execution_date=20231225T000000, start_date=20231226T000003, end_date=20231226T000003
[2023-12-26T00:00:03.662+0000] {local_task_job.py:164} INFO - Task exited with return code 0
[2023-12-26T00:00:03.674+0000] {local_task_job.py:273} INFO - 1 downstream tasks scheduled from follow-on schedule check
